<?xml version="1.0" encoding="UTF-8"?>
<testsuite xmlns:xsi="http://www.w3.org/2001/XMLSchema-instance" xsi:noNamespaceSchemaLocation="https://maven.apache.org/surefire/maven-surefire-plugin/xsd/surefire-test-report.xsd" name="com.company.usercenter.service.UserServiceTest" time="0.744" tests="5" errors="2" skipped="0" failures="0">
  <properties>
[...]
</properties>
  <testcase name="testAddUser" classname="com.company.usercenter.service.UserServiceTest" time="0.434"/>
  <testcase name="userRegister" classname="com.company.usercenter.service.UserServiceTest" time="0.066">
    <error message="请求参数错误" type="com.company.usercenter.exception.BusinessException">com.company.usercenter.exception.BusinessException: 请求参数错误
	at com.company.usercenter.service.UserServiceTest.userRegister(UserServiceTest.java:61)
</error>
  </testcase>
  <testcase name="testMD5" classname="com.company.usercenter.service.UserServiceTest" time="0.01"/>
  <testcase name="testGson" classname="com.company.usercenter.service.UserServiceTest" time="0.016">
    <error message="java.lang.IllegalStateException: Expected BEGIN_OBJECT but was STRING at line 1 column 2 path $" type="com.google.gson.JsonSyntaxException">com.google.gson.JsonSyntaxException: java.lang.IllegalStateException: Expected BEGIN_OBJECT but was STRING at line 1 column 2 path $
	at com.company.usercenter.service.UserServiceTest.testGson(UserServiceTest.java:103)
Caused by: java.lang.IllegalStateException: Expected BEGIN_OBJECT but was STRING at line 1 column 2 path $
	at com.company.usercenter.service.UserServiceTest.testGson(UserServiceTest.java:103)
</error>
  </testcase>
  <testcase name="doLogin" classname="com.company.usercenter.service.UserServiceTest" time="0.153"/>
</testsuite>